<?xml version="1.0" encoding="UTF-8"?>
<testsuite name="org.example.GameServiceTest" tests="1" skipped="0" failures="0" errors="0" timestamp="2024-07-03T06:31:19" hostname="LAPTOP-662VNBS9" time="4.712">
  <properties/>
  <testcase name="testPlaceTower()" classname="org.example.GameServiceTest" time="4.712"/>
  <system-out><![CDATA[]]></system-out>
  <system-err><![CDATA[]]></system-err>
</testsuite>
